[05/May/21 03:55:30] /home/venerable_white/Videos/Anime/Airing/koikimo/Koi_to_Yobu_ni_wa_Kimochi_Warui_6.mp4 
[05/May/21 03:56:43] /home/venerable_white/Videos/Anime/Airing/koikimo/Koi_to_Yobu_ni_wa_Kimochi_Warui_6.mp4 
[05/May/21 17:14:10] https://www.youtube.com/watch?v=UZnxI8wHcgU (80 COR LAPIS ROUTE IN 7 MINUTES [SUPER FAST GUIDE])
[05/May/21 21:07:49] /home/venerable_white/Videos/Anime/Airing/higehiro/Hige_wo_Soru._Soshite_Joshikousei_wo_Hirou._5.mp4 
[05/May/21 21:10:13] /home/venerable_white/Videos/Movies/www.1TamilMV.art - KARNAN (2021) Tamil HDRip - 1080p - HEVC - AAC - 1.5GB - HC-ESub.mkv (www.1TamilMV.art)
[05/May/21 21:39:07] /home/venerable_white/Videos/Movies/Legend.of.Deification.2020.1080p.BluRay.DD5.1.x264 - Phar@oh.mkv 
[05/May/21 22:09:04] https://www.youtube.com/watch?v=CATzR4PvCJo ([MPD직캠] 레드벨벳 직캠 4K 'Bad Boy' (Red Velvet FanCam) | @MCOUNTDOWN_2018.2.1)
[06/May/21 03:14:13] /home/venerable_white/Videos/Anime/Airing/Boku_no_hero_5/Boku_no_Hero_Academia_5th_Season_6.mp4 
[06/May/21 03:19:44] /home/venerable_white/Videos/Movies/Srikaaram.(2021).1080p.Telugu.WEB-DL.AVC.DDP.5.1.ESub-DusIcTv/Srikaaram.(2021).1080p.Telugu.WEB-DL.AVC.DDP.5.1.ESub-DusIcTv.mkv (Sreekaram (bwtorrents.tv - DusIcTv))
[06/May/21 21:26:40] https://www.youtube.com/watch?v=TBbdabDIzEo (Yuiga And Kominami OVA Funny Moments! | We Never Learn: Bokuben OVA)
[07/May/21 02:01:26] https://www.youtube.com/watch?v=cDX52Optuoc (TODG 326 - Escape - part 1)
[07/May/21 03:29:11] /home/venerable_white/Videos/Anime/Airing/vivy/Vivy_Fluorite_Eyes_Song_1.mp4 
[07/May/21 21:42:14] https://www.youtube.com/watch?v=xGSscNoySuw (ITZY "마.피.아. In the morning" Performance Video)
[07/May/21 21:57:32] https://www.youtube.com/watch?v=L1f8K9sYAgk ([UNFILTERED CAM] ITZY RYUJIN(류진) '마.피.아. In the morning' | BE ORIGINAL)
[07/May/21 21:57:37] https://www.youtube.com/watch?v=e2_6Ulk-qK0 (Archcraft OS)
[08/May/21 03:02:45] https://www.youtube.com/watch?v=XaS7F5PQlZk (This is the future...)
[08/May/21 03:03:25] https://www.youtube.com/watch?v=W4wTTTXWyyQ ([8K] 210423 레이싱모델 송주아 SongJooA 꼬부기 티셔츠 직캠 @부산국제보트쇼 by DaftTaengk)
[08/May/21 03:07:54] https://www.youtube.com/watch?v=L8tdPYqFV7E (What If You Turn Off Your PC During An Update?)
[08/May/21 03:13:13] /home/venerable_white/Videos/Anime/Airing/vivy/Vivy_Fluorite_Eyes_Song_2.mp4 
[09/May/21 03:23:38] /home/venerable_white/Videos/Anime/Airing/vivy/Vivy_Fluorite_Eyes_Song_3.mp4 
[09/May/21 03:56:00] https://www.youtube.com/watch?v=L1f8K9sYAgk ([UNFILTERED CAM] ITZY RYUJIN(류진) '마.피.아. In the morning' | BE ORIGINAL)
[09/May/21 19:02:33] https://www.youtube.com/watch?v=_ysomCGaZLw (ITZY "마.피.아. In the morning" M/V)
[10/May/21 03:15:23] /home/venerable_white/Videos/Anime/Airing/vivy/Vivy_Fluorite_Eyes_Song_4.mp4 
[10/May/21 03:35:00] /home/venerable_white/Videos/Anime/Airing/vivy/Vivy_Fluorite_Eyes_Song_4.mp4 
[10/May/21 22:18:13] https://www.youtube.com/watch?v=Pi8xsZXibIc (My Dearest  - Guilty Crown OP1 [Piano])
[10/May/21 22:22:18] https://www.youtube.com/watch?v=nIrYjzHAEp0 (supercell - My Dearest (Music Video))
[13/May/21 16:18:51] https://www.youtube.com/watch?v=3UrbB63TrNw (Demon Magic Emperor Chapter 190 English)
[13/May/21 16:18:53] https://www.youtube.com/watch?v=bSCUw2zWqoM (Demon Magic Emperor Chapter 191 English)
[13/May/21 17:33:39] /home/venerable_white/Videos/Movies/Legend.of.Deification.2020.1080p.BluRay.DD5.1.x264 - Phar@oh.mkv 
[13/May/21 22:42:10] https://www.youtube.com/watch?v=vIRZfVOwKkE (1 IN A MILLION MOMENTS IN SPORTS HISTORY)
[13/May/21 22:46:31] /home/venerable_white/Videos/Anime/Airing/vivy/Vivy_Fluorite_Eyes_Song_5.mp4 
[13/May/21 23:08:31] /home/venerable_white/Videos/Anime/Airing/vivy/Vivy_Fluorite_Eyes_Song_5.mp4 
[13/May/21 23:08:35] /home/venerable_white/Videos/Anime/Airing/vivy/Vivy_Fluorite_Eyes_Song_6.mp4 
[13/May/21 23:10:52] https://www.youtube.com/watch?v=OeEPF5YB0rw (Vivy: Fluorite Eye's Song - E06 Insert Song【Sing My Pleasure】by Grace with LYRICS)
[13/May/21 23:33:59] https://www.youtube.com/watch?v=vwxyObVh5Fc (Vivy: Fluorite Eye's Song Episode 3 OST - Ensemble for Polaris [Estella's Lullaby] Soundtrack Cover)
[13/May/21 23:34:36] https://www.youtube.com/watch?v=lhFioMsVJqE (VIVY - Sing my pleasure ( Grace version ) EP 6 insert song)
[13/May/21 23:36:53] https://www.youtube.com/watch?v=Ul6li8tqVw8 ([60 FPS] Vivy -Fluorite Eye's Song- #06 OP「Sing My Pleasure」by 八木海莉)
[13/May/21 23:41:05] https://www.youtube.com/watch?v=X1iVmJX4qIQ (Vivy: Fluorite Eye's Song Opening 2 - Galaxy Anthem by Vivy (Kairi Yagi))
[13/May/21 23:41:39] https://www.youtube.com/watch?v=HpU71cy3e-Y (Seirei Gensouki: Spirit Chronicles Official Trailer [English Sub])
[14/May/21 15:09:23] https://www.youtube.com/watch?v=LRqCe61yU30 (Nitrux Is An Impressive Linux Distribution)
[14/May/21 15:35:01] https://www.youtube.com/watch?v=_3-OMUQTf_k (Arch Linux: full install on VirtualBox)
[14/May/21 16:01:09] https://www.youtube.com/watch?v=dAciz2GmTxA ([AMV-BD]-DONGHUA MIX-Forever)
[14/May/21 16:04:13] https://www.youtube.com/watch?v=2g_CFdWQaJE (পানাম নগরী। লোকশিল্প জাদুঘর। সোনারগাঁ। একদিনের ট্যুর।)
[14/May/21 16:19:56] /home/venerable_white/Videos/Anime/Airing/fumetsu/Fumetsu_no_Anata_e_4.mp4 
[14/May/21 16:32:40] /home/venerable_white/Videos/Anime/Airing/fumetsu/Fumetsu_no_Anata_e_episode_5.mp4 
[14/May/21 16:39:37] /home/venerable_white/Videos/Anime/Airing/Boku_no_hero_5/Boku_no_Hero_Academia_5th_Season_episode_7.mp4 
[14/May/21 16:39:59] /home/venerable_white/Videos/Anime/Airing/higehiro/Hige_wo_Soru._Soshite_Joshikousei_wo_Hirou._episode_6.mp4 
[14/May/21 22:35:34] https://www.youtube.com/watch?v=cJZ_d94RSPQ (Encore - Srotoshinni | Official Audio)
[15/May/21 11:12:27] https://www.youtube.com/watch?v=7bxHJ9cwoUo (Vibe - Odhora (with lyrics))
[15/May/21 21:45:33] https://www.youtube.com/watch?v=s05m-PbVYic ("Ya Ali" with lyrics | या अली गाने के बोल | Gangster | Emraan Hashmi, Kangana & Shiney Ahuja)
[16/May/21 13:42:46] https://www.youtube.com/watch?v=gH4VovKL0KE (Top Upcoming Anime of Summer 2021 (First Ver.))
[16/May/21 14:02:18] https://www.youtube.com/watch?v=uJit5m4x1-M (Vivy -Fluorite Eye's Song- #6  3D MAKING MOVIE)
[16/May/21 14:02:58] https://www.youtube.com/watch?v=ptTxK8CZ96Q (Vivy: Fluorite Eye's Song Opening 1 - "Sing My Pleasure" by Vivy (Kairi Yagi))
[19/May/21 09:15:01] /home/venerable_white/Videos/Movies/ww2.Cinevood.fun - Ala Vaikunthapurramuloo (2020) Telugu WEB-DL 720p x264 AAC Esub.mkv (Cinevood.fun)
[30/May/21 17:45:34] https://www.youtube.com/watch?v=Bg8Yb9zGYyA (#AlaVaikunthapurramuloo - Ramuloo Ramulaa Full Video Song || Allu Arjun || Trivikram | Thaman S)
[31/May/21 10:11:18] /home/venerable_white/Videos/Movies/www.TamilRockers.la - Guppy (2016) Malayalam DVDRip x264 1GB Soft ESubs.mkv 
[31/May/21 12:26:08] /home/venerable_white/Videos/Movies/www.TamilRockers.la - Guppy (2016) Malayalam DVDRip x264 1GB Soft ESubs.mkv 
[01/Jun/21 14:46:20] /home/venerable_white/Videos/Movies/www.TamilRockers.la - Guppy (2016) Malayalam DVDRip x264 1GB Soft ESubs.mkv 
[01/Jun/21 14:53:34] /home/venerable_white/Videos/Movies/www.TamilRockers.la - Guppy (2016) Malayalam DVDRip x264 1GB Soft ESubs.mkv 
[03/Jun/21 12:29:56] /home/venerable_white/Videos/Movies/Kala.2021.1080p.AMZN.WEBRip.DD5.1.x264-ELSA.mkv (ELSA @DrParvej)
[04/Jun/21 12:40:05] /home/venerable_white/Videos/Movies/Legend.of.Hunter.2021.WEB-DL.4k.H265.AAC-BBQDDQ 1.31GB/Legend.of.Hunter.2021.WEB-DL.4k.H265.AAC-BBQDDQ 1.31GB.mp4 
[05/Jun/21 10:02:41] https://www.youtube.com/watch?v=BJGJNqHhtjM (Pacman, Pamac, & The Headless Chicken - Issues In Arch Linux)
[05/Jun/21 17:18:55] https://www.youtube.com/watch?v=RezHpAdq91o&list=PLq-Gm0yRYwThklRVGuMC01Gl7m1YSv_qn&index=39 (Lecture 39 : Multi-valued function and Branches)
[05/Jun/21 17:50:44] https://www.youtube.com/watch?v=fXNs1pWjz8U&list=PLq-Gm0yRYwThklRVGuMC01Gl7m1YSv_qn&index=42 (Lecture 42: Cauchy-Goursat Theorem)
[05/Jun/21 18:40:48] https://www.youtube.com/watch?v=v2lglvv6MDM&list=PLq-Gm0yRYwThklRVGuMC01Gl7m1YSv_qn&index=43 (Lecture 43 : Application of Cauchy-Goursat Theorem)
[05/Jun/21 19:55:08] https://www.youtube.com/watch?v=PNnpcTe0uAY (The Cauchy-Goursat Theorem)
[05/Jun/21 19:57:10] https://www.youtube.com/watch?v=4yC4IXcMKJg (Complex Analysis - Cauchy's Residue Theorem & Its Application by GP)
[06/Jun/21 10:03:24] /home/venerable_white/Videos/Movies/Gangs.of.Wasseypur.2012.Part.1.Hindi.1080p.BluRay.x264.AAC[TorrentCounter].mp4 (TorrentCounter.to - Download HD & BluRay Movies in Small Size)
[06/Jun/21 10:04:13] /home/venerable_white/Videos/Movies/Kala.2021.1080p.AMZN.WEBRip.DD5.1.x264-ELSA.mkv (ELSA @DrParvej)
[06/Jun/21 10:05:44] /home/venerable_white/Videos/Movies/Gangs.of.Wasseypur.2012.Part.1.Hindi.1080p.BluRay.x264.AAC[TorrentCounter].mp4 (TorrentCounter.to - Download HD & BluRay Movies in Small Size)
[06/Jun/21 12:09:44] /home/venerable_white/Videos/Movies/Gangs.of.Wasseypur.2012.Part.2.Hindi.1080p.BluRay.x264.AAC[TorrentCounter].mp4 (TorrentCounter.to - Download HD & BluRay Movies in Small Size)
[06/Jun/21 18:18:23] https://www.youtube.com/watch?v=F33AN6dxAQE&list=PLq-Gm0yRYwThklRVGuMC01Gl7m1YSv_qn&index=57 (mod12lec57)
[06/Jun/21 18:37:10] https://www.youtube.com/watch?v=boEWVK57EVw&list=PLq-Gm0yRYwThklRVGuMC01Gl7m1YSv_qn&index=58 (mod12lec58)
[06/Jun/21 18:48:46] /mnt/study/Second_year/youtube_lectures/Mathematical Physics samudra/mod12lec58.mp4 
[07/Jun/21 11:19:43] /mnt/media_m/Movies/Bareilly.Ki.Barfi.2017.720p.BluRay.x264.AAC.-.Hon3y.mkv 
[07/Jun/21 14:29:34] /mnt/media_m/Tv-Series/Byomkesh.S06.1080p.Hoichoi.WEB-DL.AAC.x264-KnightKing/Byomkesh.S06E01.Hena-Monyota.1080p.Hoichoi.WEB-DL.AAC.x264-KnightKing.mkv 
[07/Jun/21 14:29:45] /mnt/media_m/Tv-Series/Byomkesh.S06.1080p.Hoichoi.WEB-DL.AAC.x264-KnightKing/Byomkesh.S06E02.Rohoshyomoy.Mouth.Organ.1080p.Hoichoi.WEB-DL.AAC.x264-KnightKing.mkv 
[07/Jun/21 14:29:54] /mnt/media_m/Tv-Series/Byomkesh.S06.1080p.Hoichoi.WEB-DL.AAC.x264-KnightKing/Byomkesh.S06E03.Deshbhager.Khesharawd.1080p.Hoichoi.WEB-DL.AAC.x264-KnightKing.mkv 
[07/Jun/21 14:31:40] /mnt/media_m/Tv-Series/The.Family.Man.S01.1080p.AMZN.WEBRip.AAC.5.1.x265-ALiEN/The.Family.Man.S01E01.The.Family.Man.1080p.AMZN.WEBRip.AAC.5.1.x265-ALiEN.mkv 
[07/Jun/21 15:27:53] /mnt/media_m/Tv-Series/The.Family.Man.S01.1080p.AMZN.WEBRip.AAC.5.1.x265-ALiEN/The.Family.Man.S01E02.Sleepers.1080p.AMZN.WEBRip.AAC.5.1.x265-ALiEN.mkv 
[07/Jun/21 18:01:47] /home/venerable_white/Videos/Tv-Series/The.Family.Man.S01.1080p.AMZN.WEBRip.AAC.5.1.x265-ALiEN/The.Family.Man.S01E02.Sleepers.1080p.AMZN.WEBRip.AAC.5.1.x265-ALiEN.mkv 
[07/Jun/21 18:01:55] /home/venerable_white/Videos/Tv-Series/The.Family.Man.S01.1080p.AMZN.WEBRip.AAC.5.1.x265-ALiEN/The.Family.Man.S01E03.The.Anti.National.1080p.AMZN.WEBRip.AAC.5.1.x265-ALiEN.mkv 
[08/Jun/21 10:49:22] /home/venerable_white/Videos/Tv-Series/The.Family.Man.S01.1080p.AMZN.WEBRip.AAC.5.1.x265-ALiEN/The.Family.Man.S01E03.The.Anti.National.1080p.AMZN.WEBRip.AAC.5.1.x265-ALiEN.mkv 
[08/Jun/21 11:18:38] /home/venerable_white/Videos/Tv-Series/The.Family.Man.S01.1080p.AMZN.WEBRip.AAC.5.1.x265-ALiEN/The.Family.Man.S01E04.The.Patriot.1080p.AMZN.WEBRip.AAC.5.1.x265-ALiEN.mkv 
[08/Jun/21 11:49:31] /home/venerable_white/Videos/Tv-Series/The.Family.Man.S01.1080p.AMZN.WEBRip.AAC.5.1.x265-ALiEN/The.Family.Man.S01E05.Pariah.1080p.AMZN.WEBRip.AAC.5.1.x265-ALiEN.mkv 
[08/Jun/21 14:09:44] /home/venerable_white/Videos/Tv-Series/The.Family.Man.S01.1080p.AMZN.WEBRip.AAC.5.1.x265-ALiEN/The.Family.Man.S01E06.Dance.of.Death.1080p.AMZN.WEBRip.AAC.5.1.x265-ALiEN.mkv 
[08/Jun/21 14:37:07] /home/venerable_white/Videos/Tv-Series/The.Family.Man.S01.1080p.AMZN.WEBRip.AAC.5.1.x265-ALiEN/The.Family.Man.S01E07.Paradise.1080p.AMZN.WEBRip.AAC.5.1.x265-ALiEN.mkv 
[08/Jun/21 15:08:13] /home/venerable_white/Videos/Tv-Series/The.Family.Man.S01.1080p.AMZN.WEBRip.AAC.5.1.x265-ALiEN/The.Family.Man.S01E08.Act.of.War.1080p.AMZN.WEBRip.AAC.5.1.x265-ALiEN.mkv 
[08/Jun/21 15:36:02] /home/venerable_white/Videos/Tv-Series/The.Family.Man.S01.1080p.AMZN.WEBRip.AAC.5.1.x265-ALiEN/The.Family.Man.S01E09.Fighting.Dirty.1080p.AMZN.WEBRip.AAC.5.1.x265-ALiEN.mkv 
[08/Jun/21 19:33:34] /home/venerable_white/Videos/Tv-Series/The.Family.Man.S01.1080p.AMZN.WEBRip.AAC.5.1.x265-ALiEN/The.Family.Man.S01E09.Fighting.Dirty.1080p.AMZN.WEBRip.AAC.5.1.x265-ALiEN.mkv 
[08/Jun/21 19:45:58] /home/venerable_white/Videos/Tv-Series/The.Family.Man.S01.1080p.AMZN.WEBRip.AAC.5.1.x265-ALiEN/The.Family.Man.S01E10.The.Bomb.1080p.AMZN.WEBRip.AAC.5.1.x265-ALiEN.mkv 
[08/Jun/21 20:16:14] /home/venerable_white/Videos/Tv-Series/The.Family.Man.S02.1080p.AMZN.WEB-DL.DDP5.1.H.265-KnightKing/The.Family.Man.S02E01.Exile.1080p.AMZN.WEB-DL.DDP5.1.H.265-KnightKing.mkv 
[08/Jun/21 20:16:29] /home/venerable_white/Videos/Tv-Series/The.Family.Man.S01.1080p.AMZN.WEBRip.AAC.5.1.x265-ALiEN/The.Family.Man.S01E10.The.Bomb.1080p.AMZN.WEBRip.AAC.5.1.x265-ALiEN.mkv 
[08/Jun/21 20:21:03] /home/venerable_white/Videos/Tv-Series/The.Family.Man.S02.1080p.AMZN.WEB-DL.DDP5.1.H.265-KnightKing/The.Family.Man.S02E01.Exile.1080p.AMZN.WEB-DL.DDP5.1.H.265-KnightKing.mkv 
[08/Jun/21 21:16:59] /home/venerable_white/Videos/Tv-Series/The.Family.Man.S02.1080p.AMZN.WEB-DL.DDP5.1.H.265-KnightKing/The.Family.Man.S02E02.Weapon.1080p.AMZN.WEB-DL.DDP5.1.H.265-KnightKing.mkv 
[09/Jun/21 09:41:04] /home/venerable_white/Videos/Tv-Series/The.Family.Man.S02.1080p.AMZN.WEB-DL.DDP5.1.H.265-KnightKing/The.Family.Man.S02E02.Weapon.1080p.AMZN.WEB-DL.DDP5.1.H.265-KnightKing.mkv 
[09/Jun/21 10:09:33] /home/venerable_white/Videos/Tv-Series/The.Family.Man.S02.1080p.AMZN.WEB-DL.DDP5.1.H.265-KnightKing/The.Family.Man.S02E03.Angel.of.Death.1080p.AMZN.WEB-DL.DDP5.1.H.265-KnightKing.mkv 
[09/Jun/21 10:28:32] /home/venerable_white/Videos/Tv-Series/The.Family.Man.S02.1080p.AMZN.WEB-DL.DDP5.1.H.265-KnightKing/The.Family.Man.S02E04.Eagle.1080p.AMZN.WEB-DL.DDP5.1.H.265-KnightKing.mkv 
[09/Jun/21 10:57:18] /home/venerable_white/Videos/Tv-Series/The.Family.Man.S02.1080p.AMZN.WEB-DL.DDP5.1.H.265-KnightKing/The.Family.Man.S02E05.Homecoming.1080p.AMZN.WEB-DL.DDP5.1.H.265-KnightKing.mkv 
[09/Jun/21 11:25:37] /home/venerable_white/Videos/Tv-Series/The.Family.Man.S02.1080p.AMZN.WEB-DL.DDP5.1.H.265-KnightKing/The.Family.Man.S02E06.Martyrs.1080p.AMZN.WEB-DL.DDP5.1.H.265-KnightKing.mkv 
[09/Jun/21 11:50:13] /home/venerable_white/Videos/Tv-Series/The.Family.Man.S02.1080p.AMZN.WEB-DL.DDP5.1.H.265-KnightKing/The.Family.Man.S02E07.Collateral.Damage.1080p.AMZN.WEB-DL.DDP5.1.H.265-KnightKing.mkv 
[09/Jun/21 12:09:36] /home/venerable_white/Videos/Tv-Series/The.Family.Man.S02.1080p.AMZN.WEB-DL.DDP5.1.H.265-KnightKing/The.Family.Man.S02E08.Vendetta.1080p.AMZN.WEB-DL.DDP5.1.H.265-KnightKing.mkv 
[09/Jun/21 12:20:47] /home/venerable_white/Videos/Tv-Series/The.Family.Man.S02.1080p.AMZN.WEB-DL.DDP5.1.H.265-KnightKing/The.Family.Man.S02E09.The.Final.Act.1080p.AMZN.WEB-DL.DDP5.1.H.265-KnightKing.mkv 
[09/Jun/21 16:06:40] https://www.youtube.com/watch?v=i8PlZdI7EPY (Top 6 Quick and Easy Exercise for All Leg Pain Relief Problems, Seated - Ankle Pain, Leg Muscle Pain)
[09/Jun/21 18:50:05] /home/venerable_white/Videos/Movies/Wrath.of.Man.2021.1080p.WEBRip.1400MB.DD5.1.x264-GalaxyRG.mkv (GalaxyRG - Wrath.of.Man.2021.1080p.WEBRip.1400MB.DD5.1.x264-GalaxyRG)
[09/Jun/21 22:29:05] /home/venerable_white/Videos/Movies/Athiran 2019 1080p WEB-DL AAC x264-PLaTiNuM/Athiran 2019 1080p WEB-DL AAC x264-PLaTiNuM.mkv 
[10/Jun/21 15:07:29] /home/venerable_white/Videos/Movies/Athiran 2019 1080p WEB-DL AAC x264-PLaTiNuM/Athiran 2019 1080p WEB-DL AAC x264-PLaTiNuM.mkv 
[10/Jun/21 15:12:16] https://www.youtube.com/watch?v=J7h-5PGbGVc (10 Food Tips for Diabetes)
[10/Jun/21 15:21:20] https://www.youtube.com/watch?v=GkGxwHxeqe0 (Why Prabhakaran Was Eliminated From Sri Lanka)
[10/Jun/21 15:25:20] /mnt/media_m/Movies/Athiran 2019 1080p WEB-DL AAC x264-PLaTiNuM/Athiran 2019 1080p WEB-DL AAC x264-PLaTiNuM.mkv 
[10/Jun/21 15:26:29] /mnt/media_m/Movies/Athiran 2019 1080p WEB-DL AAC x264-PLaTiNuM/Athiran 2019 1080p WEB-DL AAC x264-PLaTiNuM.mkv 
[10/Jun/21 15:27:25] /mnt/media_m/Movies/Athiran 2019 1080p WEB-DL AAC x264-PLaTiNuM/Athiran 2019 1080p WEB-DL AAC x264-PLaTiNuM.mkv 
[10/Jun/21 15:29:22] /mnt/media_m/Movies/Athiran 2019 1080p WEB-DL AAC x264-PLaTiNuM/Athiran 2019 1080p WEB-DL AAC x264-PLaTiNuM.mkv 
[10/Jun/21 15:30:57] /mnt/media_m/Movies/Athiran 2019 1080p WEB-DL AAC x264-PLaTiNuM/Athiran 2019 1080p WEB-DL AAC x264-PLaTiNuM.mkv 
[10/Jun/21 15:31:26] /mnt/media_m/Movies/Athiran 2019 1080p WEB-DL AAC x264-PLaTiNuM/Athiran 2019 1080p WEB-DL AAC x264-PLaTiNuM.mkv 
[10/Jun/21 15:38:01] /home/venerable_white/Videos/Movies/Athiran 2019 1080p WEB-DL AAC x264-PLaTiNuM/Athiran 2019 1080p WEB-DL AAC x264-PLaTiNuM.mkv 
[10/Jun/21 15:53:00] /home/venerable_white/Videos/Movies/Athiran 2019 1080p WEB-DL AAC x264-PLaTiNuM/Athiran 2019 1080p WEB-DL AAC x264-PLaTiNuM.mkv 
[11/Jun/21 08:26:43] /home/venerable_white/Videos/Movies/Athiran 2019 1080p WEB-DL AAC x264-PLaTiNuM/Athiran 2019 1080p WEB-DL AAC x264-PLaTiNuM.mkv 
[12/Jun/21 19:15:38] https://www.youtube.com/watch?v=ISaVvSO_3Sg (What are "moments" in statistics? An intuitive video!)
[13/Jun/21 14:48:57] /home/venerable_white/Videos/Movies/Vakeel.Saab.2021.720p.AMZN.WEB-DL.DDP5.1.H.265-KnightKing.mkv 
[13/Jun/21 15:19:15] /home/venerable_white/Videos/Movies/Vakeel.Saab.2021.720p.AMZN.WEB-DL.DDP5.1.H.265-KnightKing.mkv 
[13/Jun/21 16:21:56] /home/venerable_white/Videos/Movies/Vakeel.Saab.2021.720p.AMZN.WEB-DL.DDP5.1.H.265-KnightKing.mkv 
[14/Jun/21 14:00:12] /home/venerable_white/Videos/Movies/Ratsasan.2018.1080p.10bit.WEB-Rip.Hindi-Tamil.Dual.Audio.x265.HEVC.ESub-BonsaiHD.Site.mkv (BonsaiHD.Site | Ratsasan.2018.1080p.10bit.WEB-Rip.Hindi-Tamil.Dual.Audio.x265.HEVC.ESub-BonsaiHD)
[14/Jun/21 14:50:58] /home/venerable_white/Videos/Movies/Ratsasan.2018.1080p.10bit.WEB-Rip.Hindi-Tamil.Dual.Audio.x265.HEVC.ESub-BonsaiHD.Site.mkv (BonsaiHD.Site | Ratsasan.2018.1080p.10bit.WEB-Rip.Hindi-Tamil.Dual.Audio.x265.HEVC.ESub-BonsaiHD)
[15/Jun/21 20:29:16] /home/venerable_white/Videos/Movies/www.1TamilMV.art - KARNAN (2021) Tamil TRUE HD - 1080p - AVC - (DD+5.1 - 192Kbps & AAC 2.0) - 2.5GB - ESub.mkv (www.1TamilMV.art)
[16/Jun/21 09:30:14] https://www.youtube.com/watch?v=ANbC3o6tnww (Sach Keh Raha Hai Deewana | Maadhyam | Rehna Hai Tere Dil Mein | Mayank Maurya)
[16/Jun/21 13:57:47] https://www.youtube.com/watch?v=h-hoh4vdY8c (Top 10 Best Indian Movies Of 2021 So Far | You Need To Tell Me Your List!)
[16/Jun/21 20:09:31] /home/venerable_white/Videos/Movies/Jathi Ratnalu (2021) Telugu (1080p WEBRip x265 10bit AC3) - [Musafirboy].mkv (Jathi Ratnalu (2021) Telugu (1080p WEBRip x265 10bit AC3) - [Musafirboy])
[16/Jun/21 20:48:44] /home/venerable_white/Videos/Movies/Jathi Ratnalu (2021) Telugu (1080p WEBRip x265 10bit AC3) - [Musafirboy].mkv (Jathi Ratnalu (2021) Telugu (1080p WEBRip x265 10bit AC3) - [Musafirboy])
[16/Jun/21 22:35:18] https://www.youtube.com/watch?v=oyHasipretM (Mana JathiRatnalu Video Song [4K] | Jathi Ratnalu | Naveen Polishetty, Faria | Radhan | Anudeep K V)
[16/Jun/21 22:41:23] https://www.youtube.com/watch?v=uvCbZxYdLuU (Chitti Video Song [4K] | Jathi Ratnalu | Naveen Polishetty, Faria | Radhan | Anudeep K V)
[16/Jun/21 22:41:56] https://www.youtube.com/watch?v=oyHasipretM (Mana JathiRatnalu Video Song [4K] | Jathi Ratnalu | Naveen Polishetty, Faria | Radhan | Anudeep K V)
[16/Jun/21 22:45:16] https://www.youtube.com/watch?v=3KR1ue57riY (Mana JathiRatnalu Lyrical | Jathi Ratnalu | Naveen Polishetty, Faria | Radhan | Anudeep K V)
[17/Jun/21 16:49:31] /home/venerable_white/Videos/Movies/Jathi Ratnalu (2021) Telugu (1080p WEBRip x265 10bit AC3) - [Musafirboy].mkv (Jathi Ratnalu (2021) Telugu (1080p WEBRip x265 10bit AC3) - [Musafirboy])
[17/Jun/21 18:44:33] /home/venerable_white/Videos/Movies/Record.of.Ragnarok.S01.1080p.NF.WEB-DL.DDP2.0.x264-E.N.D/Record.of.Ragnarok.S01E01.Ragnarok.1080p.NF.WEB-DL.DDP2.0.x264-E.N.D.mkv.part 
[17/Jun/21 18:57:39] https://www.youtube.com/watch?v=3KR1ue57riY (Mana JathiRatnalu Lyrical | Jathi Ratnalu | Naveen Polishetty, Faria | Radhan | Anudeep K V)
[17/Jun/21 22:29:37] /home/venerable_white/Videos/Anime/Aired/Record.of.Ragnarok.S01.1080p.NF.WEB-DL.DDP2.0.x264-E.N.D/Record.of.Ragnarok.S01E01.Ragnarok.1080p.NF.WEB-DL.DDP2.0.x264-E.N.D.mkv 
[17/Jun/21 22:34:46] /home/venerable_white/Videos/Anime/Aired/Record.of.Ragnarok.S01.1080p.NF.WEB-DL.DDP2.0.x264-E.N.D/Record.of.Ragnarok.S01E02.Worthy.Opponent.1080p.NF.WEB-DL.DDP2.0.x264-E.N.D.mkv 
[17/Jun/21 22:40:35] /home/venerable_white/Videos/Anime/Aired/Record.of.Ragnarok.S01.1080p.NF.WEB-DL.DDP2.0.x264-E.N.D/Record.of.Ragnarok.S01E03.Killer.Move.1080p.NF.WEB-DL.DDP2.0.x264-E.N.D.mkv 
[17/Jun/21 22:42:52] /home/venerable_white/Videos/Anime/Aired/Record.of.Ragnarok.S01.1080p.NF.WEB-DL.DDP2.0.x264-E.N.D/Record.of.Ragnarok.S01E04.Joy.1080p.NF.WEB-DL.DDP2.0.x264-E.N.D.mkv 
[17/Jun/21 22:46:37] /home/venerable_white/Videos/Anime/Aired/Record.of.Ragnarok.S01.1080p.NF.WEB-DL.DDP2.0.x264-E.N.D/Record.of.Ragnarok.S01E05.FILE.No.00000000001.1080p.NF.WEB-DL.DDP2.0.x264-E.N.D.mkv 
[17/Jun/21 22:49:27] /home/venerable_white/Videos/Anime/Aired/Record.of.Ragnarok.S01.1080p.NF.WEB-DL.DDP2.0.x264-E.N.D/Record.of.Ragnarok.S01E05.FILE.No.00000000001.1080p.NF.WEB-DL.DDP2.0.x264-E.N.D.mkv 
[17/Jun/21 22:49:32] /home/venerable_white/Videos/Anime/Aired/Record.of.Ragnarok.S01.1080p.NF.WEB-DL.DDP2.0.x264-E.N.D/Record.of.Ragnarok.S01E06.Great.Emulation.1080p.NF.WEB-DL.DDP2.0.x264-E.N.D.mkv 
[17/Jun/21 22:51:47] /home/venerable_white/Videos/Anime/Aired/Record.of.Ragnarok.S01.1080p.NF.WEB-DL.DDP2.0.x264-E.N.D/Record.of.Ragnarok.S01E07.Expelled.From.Paradise.1080p.NF.WEB-DL.DDP2.0.x264-E.N.D.mkv 
[17/Jun/21 22:55:08] /home/venerable_white/Videos/Anime/Aired/Record.of.Ragnarok.S01.1080p.NF.WEB-DL.DDP2.0.x264-E.N.D/Record.of.Ragnarok.S01E08.Grace.Abounding.1080p.NF.WEB-DL.DDP2.0.x264-E.N.D.mkv 
[17/Jun/21 22:59:11] /home/venerable_white/Videos/Anime/Aired/Record.of.Ragnarok.S01.1080p.NF.WEB-DL.DDP2.0.x264-E.N.D/Record.of.Ragnarok.S01E09.Tyrant.of.the.Ocean.1080p.NF.WEB-DL.DDP2.0.x264-E.N.D.mkv 
[17/Jun/21 23:06:18] /home/venerable_white/Videos/Anime/Aired/Record.of.Ragnarok.S01.1080p.NF.WEB-DL.DDP2.0.x264-E.N.D/Record.of.Ragnarok.S01E10.Greatest.Loser.1080p.NF.WEB-DL.DDP2.0.x264-E.N.D.mkv 
[17/Jun/21 23:10:22] /home/venerable_white/Videos/Anime/Aired/Record.of.Ragnarok.S01.1080p.NF.WEB-DL.DDP2.0.x264-E.N.D/Record.of.Ragnarok.S01E11.the.Swallow.Gazes.Into.the.Abyss.1080p.NF.WEB-DL.DDP2.0.x264-E.N.D.mkv 
[18/Jun/21 10:08:50] /home/venerable_white/Videos/Anime/Aired/Record.of.Ragnarok.S01.1080p.NF.WEB-DL.DDP2.0.x264-E.N.D/Record.of.Ragnarok.S01E12.and.Ragnarok.Goes.On.1080p.NF.WEB-DL.DDP2.0.x264-E.N.D.mkv 
[18/Jun/21 13:25:13] /home/venerable_white/Videos/Movies/Jathi Ratnalu (2021) Telugu (1080p WEBRip x265 10bit AC3) - [Musafirboy].mkv (Jathi Ratnalu (2021) Telugu (1080p WEBRip x265 10bit AC3) - [Musafirboy])
[18/Jun/21 13:36:41] /home/venerable_white/Videos/Movies/Jathi Ratnalu (2021) Telugu (1080p WEBRip x265 10bit AC3) - [Musafirboy].mkv (Jathi Ratnalu (2021) Telugu (1080p WEBRip x265 10bit AC3) - [Musafirboy])
[18/Jun/21 20:12:23] https://www.youtube.com/watch?v=mvN_1H5SxXY (Game of Thrones | Tyrion lannister kills his father)
[18/Jun/21 20:14:55] https://www.youtube.com/watch?v=T1HUAWaxMX8 (Arya Stark - Destroying House Frey. (S06&S07))
[18/Jun/21 21:03:49] https://www.youtube.com/watch?v=anFCE912G8Q (Oka Praanam Full Video Song | Baahubali 2 | Prabhas, Anushka Shetty, Rana, Tamannaah, SS Rajamouli)
[18/Jun/21 21:19:34] /home/venerable_white/Videos/Movies/Jathi Ratnalu (2021) Telugu (1080p WEBRip x265 10bit AC3) - [Musafirboy].mkv (Jathi Ratnalu (2021) Telugu (1080p WEBRip x265 10bit AC3) - [Musafirboy])
[18/Jun/21 21:20:26] /home/venerable_white/Videos/Movies/Jathi Ratnalu (2021) Telugu (1080p WEBRip x265 10bit AC3) - [Musafirboy].mkv (Jathi Ratnalu (2021) Telugu (1080p WEBRip x265 10bit AC3) - [Musafirboy])
[19/Jun/21 11:35:56] https://www.youtube.com/watch?v=_O1ilWax6Qc (Woman Falsely Accuses Black Teen of Theft in NYC Hotel | NowThis)
[19/Jun/21 12:18:37] https://www.youtube.com/watch?v=FhKy_Ke2vVo (Jagame Thandhiram Movie Review & Analysis | Dhanush | Karthik Subbaraj)
[19/Jun/21 12:22:54] https://www.youtube.com/watch?v=Dy_gGj4r9YQ (Comedy Kings - Allu Arjun Writing A Love Letter)
[19/Jun/21 17:17:09] https://www.youtube.com/watch?v=6wWlKx2DMcM (Motorist kills man beating wounded cop)
[19/Jun/21 21:06:36] /home/venerable_white/Videos/Movies/Jathi Ratnalu (2021) Telugu (1080p WEBRip x265 10bit AC3) - [Musafirboy].mkv (Jathi Ratnalu (2021) Telugu (1080p WEBRip x265 10bit AC3) - [Musafirboy])
[19/Jun/21 21:48:43] /home/venerable_white/Videos/Movies/Jathi Ratnalu (2021) Telugu (1080p WEBRip x265 10bit AC3) - [Musafirboy].mkv (Jathi Ratnalu (2021) Telugu (1080p WEBRip x265 10bit AC3) - [Musafirboy])
[20/Jun/21 09:27:30] https://www.youtube.com/watch?v=qReM2c16kug (Casio fx-991EX Classwiz Calculator tutorial - Finding Normal Distribution probabilities)
[20/Jun/21 15:03:05] https://www.youtube.com/watch?v=DUOUC_nsY70 (The Chinese React To New 3-Child Policy | Street Interview)
[23/Jun/21 09:57:27] https://www.youtube.com/watch?v=ApLr4b3fY_8 (Rocky Linux Review)
